生成启动时间为 2019/8/24 22:45:03。
     1>项目“D:\code\LearningMap\3ds\ai_sys\CSE599W\code\assignment2-2017\build\c_runtime_api.vcxproj”在节点 2 上(Build 个目标)。
     1>CustomBuild:
         Building NVCC (Device) object CMakeFiles/c_runtime_api.dir/src/Debug/c_runtime_api_generated_gpu_op.cu.obj
         gpu_op.cu
     1>c:\program files\nvidia gpu computing toolkit\cuda\v9.0\include\crt\math_functions.h : warning C4819: 锟斤拷锟侥硷拷锟斤拷锟斤拷锟斤拷锟斤拷锟节碉拷前锟斤拷锟斤拷页(936)锟叫憋拷示锟斤拷锟街凤拷锟斤拷锟诫将锟斤拷锟侥硷拷锟斤拷锟斤拷为 Unicode 锟斤拷式锟皆凤拷止锟斤拷锟捷讹拷失
     1>c:\program files\nvidia gpu computing toolkit\cuda\v9.0\include\crt\math_functions.h(838): warning C4819: 锟斤拷锟侥硷拷锟斤拷锟斤拷锟斤拷锟斤拷锟节碉拷前锟斤拷锟斤拷页(936)锟叫憋拷示锟斤拷锟街凤拷锟斤拷锟诫将锟斤拷锟侥硷拷锟斤拷锟斤拷为 Unicode 锟斤拷式锟皆凤拷止锟斤拷锟捷讹拷失
     1>c:\program files\nvidia gpu computing toolkit\cuda\v9.0\include\crt\math_functions.h(1772): warning C4819: 锟斤拷锟侥硷拷锟斤拷锟斤拷锟斤拷锟斤拷锟节碉拷前锟斤拷锟斤拷页(936)锟叫憋拷示锟斤拷锟街凤拷锟斤拷锟诫将锟斤拷锟侥硷拷锟斤拷锟斤拷为 Unicode 锟斤拷式锟皆凤拷止锟斤拷锟捷讹拷失
     1>c:\program files\nvidia gpu computing toolkit\cuda\v9.0\include\crt\math_functions.h(2628): warning C4819: 锟斤拷锟侥硷拷锟斤拷锟斤拷锟斤拷锟斤拷锟节碉拷前锟斤拷锟斤拷页(936)锟叫憋拷示锟斤拷锟街凤拷锟斤拷锟诫将锟斤拷锟侥硷拷锟斤拷锟斤拷为 Unicode 锟斤拷式锟皆凤拷止锟斤拷锟捷讹拷失
     1>c:\program files\nvidia gpu computing toolkit\cuda\v9.0\include\crt\math_functions.h(3477): warning C4819: 锟斤拷锟侥硷拷锟斤拷锟斤拷锟斤拷锟斤拷锟节碉拷前锟斤拷锟斤拷页(936)锟叫憋拷示锟斤拷锟街凤拷锟斤拷锟诫将锟斤拷锟侥硷拷锟斤拷锟斤拷为 Unicode 锟斤拷式锟皆凤拷止锟斤拷锟捷讹拷失
     1>c:\program files\nvidia gpu computing toolkit\cuda\v9.0\include\crt\math_functions.h(4417): warning C4819: 锟斤拷锟侥硷拷锟斤拷锟斤拷锟斤拷锟斤拷锟节碉拷前锟斤拷锟斤拷页(936)锟叫憋拷示锟斤拷锟街凤拷锟斤拷锟诫将锟斤拷锟侥硷拷锟斤拷锟斤拷为 Unicode 锟斤拷式锟皆凤拷止锟斤拷锟捷讹拷失
     1>c:\program files\nvidia gpu computing toolkit\cuda\v9.0\include\crt\math_functions.h(5319): warning C4819: 锟斤拷锟侥硷拷锟斤拷锟斤拷锟斤拷锟斤拷锟节碉拷前锟斤拷锟斤拷页(936)锟叫憋拷示锟斤拷锟街凤拷锟斤拷锟诫将锟斤拷锟侥硷拷锟斤拷锟斤拷为 Unicode 锟斤拷式锟皆凤拷止锟斤拷锟捷讹拷失
     1>c:\program files\nvidia gpu computing toolkit\cuda\v9.0\include\crt\math_functions.h(6229): warning C4819: 锟斤拷锟侥硷拷锟斤拷锟斤拷锟斤拷锟斤拷锟节碉拷前锟斤拷锟斤拷页(936)锟叫憋拷示锟斤拷锟街凤拷锟斤拷锟诫将锟斤拷锟侥硷拷锟斤拷锟斤拷为 Unicode 锟斤拷式锟皆凤拷止锟斤拷锟捷讹拷失
     1>c:\program files\nvidia gpu computing toolkit\cuda\v9.0\include\crt\math_functions.h(7104): warning C4819: 锟斤拷锟侥硷拷锟斤拷锟斤拷锟斤拷锟斤拷锟节碉拷前锟斤拷锟斤拷页(936)锟叫憋拷示锟斤拷锟街凤拷锟斤拷锟诫将锟斤拷锟侥硷拷锟斤拷锟斤拷为 Unicode 锟斤拷式锟皆凤拷止锟斤拷锟捷讹拷失
     1>c:\program files\nvidia gpu computing toolkit\cuda\v9.0\include\crt\math_functions.h(7914): warning C4819: 锟斤拷锟侥硷拷锟斤拷锟斤拷锟斤拷锟斤拷锟节碉拷前锟斤拷锟斤拷页(936)锟叫憋拷示锟斤拷锟街凤拷锟斤拷锟诫将锟斤拷锟侥硷拷锟斤拷锟斤拷为 Unicode 锟斤拷式锟皆凤拷止锟斤拷锟捷讹拷失
     1>c:\program files\nvidia gpu computing toolkit\cuda\v9.0\include\crt/device_functions.h : warning C4819: 锟斤拷锟侥硷拷锟斤拷锟斤拷锟斤拷锟斤拷锟节碉拷前锟斤拷锟斤拷页(936)锟叫憋拷示锟斤拷锟街凤拷锟斤拷锟诫将锟斤拷锟侥硷拷锟斤拷锟斤拷为 Unicode 锟斤拷式锟皆凤拷止锟斤拷锟捷讹拷失
     1>c:\program files\nvidia gpu computing toolkit\cuda\v9.0\include\crt/device_functions.h(776): warning C4819: 锟斤拷锟侥硷拷锟斤拷锟斤拷锟斤拷锟斤拷锟节碉拷前锟斤拷锟斤拷页(936)锟叫憋拷示锟斤拷锟街凤拷锟斤拷锟诫将锟斤拷锟侥硷拷锟斤拷锟斤拷为 Unicode 锟斤拷式锟皆凤拷止锟斤拷锟捷讹拷失
     1>c:\program files\nvidia gpu computing toolkit\cuda\v9.0\include\crt/device_functions.h(1636): warning C4819: 锟斤拷锟侥硷拷锟斤拷锟斤拷锟斤拷锟斤拷锟节碉拷前锟斤拷锟斤拷页(936)锟叫憋拷示锟斤拷锟街凤拷锟斤拷锟诫将锟斤拷锟侥硷拷锟斤拷锟斤拷为 Unicode 锟斤拷式锟皆凤拷止锟斤拷锟捷讹拷失
     1>c:\program files\nvidia gpu computing toolkit\cuda\v9.0\include\crt\device_double_functions.h : warning C4819: 锟斤拷锟侥硷拷锟斤拷锟斤拷锟斤拷锟斤拷锟节碉拷前锟斤拷锟斤拷页(936)锟叫憋拷示锟斤拷锟街凤拷锟斤拷锟诫将锟斤拷锟侥硷拷锟斤拷锟斤拷为 Unicode 锟斤拷式锟皆凤拷止锟斤拷锟捷讹拷失
     1>c:\program files\nvidia gpu computing toolkit\cuda\v9.0\include\sm_20_intrinsics.h : warning C4819: 锟斤拷锟侥硷拷锟斤拷锟斤拷锟斤拷锟斤拷锟节碉拷前锟斤拷锟斤拷页(936)锟叫憋拷示锟斤拷锟街凤拷锟斤拷锟诫将锟斤拷锟侥硷拷锟斤拷锟斤拷为 Unicode 锟斤拷式锟皆凤拷止锟斤拷锟捷讹拷失
     1>c:\program files\nvidia gpu computing toolkit\cuda\v9.0\include\sm_20_intrinsics.h(925): warning C4819: 锟斤拷锟侥硷拷锟斤拷锟斤拷锟斤拷锟斤拷锟节碉拷前锟斤拷锟斤拷页(936)锟叫憋拷示锟斤拷锟街凤拷锟斤拷锟诫将锟斤拷锟侥硷拷锟斤拷锟斤拷为 Unicode 锟斤拷式锟皆凤拷止锟斤拷锟捷讹拷失
     1>c:\program files\nvidia gpu computing toolkit\cuda\v9.0\include\crt\math_functions.h : warning C4819: 锟斤拷锟侥硷拷锟斤拷锟斤拷锟斤拷锟斤拷锟节碉拷前锟斤拷锟斤拷页(936)锟叫憋拷示锟斤拷锟街凤拷锟斤拷锟诫将锟斤拷锟侥硷拷锟斤拷锟斤拷为 Unicode 锟斤拷式锟皆凤拷止锟斤拷锟捷讹拷失
     1>c:\program files\nvidia gpu computing toolkit\cuda\v9.0\include\crt\math_functions.h(838): warning C4819: 锟斤拷锟侥硷拷锟斤拷锟斤拷锟斤拷锟斤拷锟节碉拷前锟斤拷锟斤拷页(936)锟叫憋拷示锟斤拷锟街凤拷锟斤拷锟诫将锟斤拷锟侥硷拷锟斤拷锟斤拷为 Unicode 锟斤拷式锟皆凤拷止锟斤拷锟捷讹拷失
     1>c:\program files\nvidia gpu computing toolkit\cuda\v9.0\include\crt\math_functions.h(1772): warning C4819: 锟斤拷锟侥硷拷锟斤拷锟斤拷锟斤拷锟斤拷锟节碉拷前锟斤拷锟斤拷页(936)锟叫憋拷示锟斤拷锟街凤拷锟斤拷锟诫将锟斤拷锟侥硷拷锟斤拷锟斤拷为 Unicode 锟斤拷式锟皆凤拷止锟斤拷锟捷讹拷失
     1>c:\program files\nvidia gpu computing toolkit\cuda\v9.0\include\crt\math_functions.h(2628): warning C4819: 锟斤拷锟侥硷拷锟斤拷锟斤拷锟斤拷锟斤拷锟节碉拷前锟斤拷锟斤拷页(936)锟叫憋拷示锟斤拷锟街凤拷锟斤拷锟诫将锟斤拷锟侥硷拷锟斤拷锟斤拷为 Unicode 锟斤拷式锟皆凤拷止锟斤拷锟捷讹拷失
     1>c:\program files\nvidia gpu computing toolkit\cuda\v9.0\include\crt\math_functions.h(3477): warning C4819: 锟斤拷锟侥硷拷锟斤拷锟斤拷锟斤拷锟斤拷锟节碉拷前锟斤拷锟斤拷页(936)锟叫憋拷示锟斤拷锟街凤拷锟斤拷锟诫将锟斤拷锟侥硷拷锟斤拷锟斤拷为 Unicode 锟斤拷式锟皆凤拷止锟斤拷锟捷讹拷失
     1>c:\program files\nvidia gpu computing toolkit\cuda\v9.0\include\crt\math_functions.h(4417): warning C4819: 锟斤拷锟侥硷拷锟斤拷锟斤拷锟斤拷锟斤拷锟节碉拷前锟斤拷锟斤拷页(936)锟叫憋拷示锟斤拷锟街凤拷锟斤拷锟诫将锟斤拷锟侥硷拷锟斤拷锟斤拷为 Unicode 锟斤拷式锟皆凤拷止锟斤拷锟捷讹拷失
     1>c:\program files\nvidia gpu computing toolkit\cuda\v9.0\include\crt\math_functions.h(5319): warning C4819: 锟斤拷锟侥硷拷锟斤拷锟斤拷锟斤拷锟斤拷锟节碉拷前锟斤拷锟斤拷页(936)锟叫憋拷示锟斤拷锟街凤拷锟斤拷锟诫将锟斤拷锟侥硷拷锟斤拷锟斤拷为 Unicode 锟斤拷式锟皆凤拷止锟斤拷锟捷讹拷失
     1>c:\program files\nvidia gpu computing toolkit\cuda\v9.0\include\crt\math_functions.h(6229): warning C4819: 锟斤拷锟侥硷拷锟斤拷锟斤拷锟斤拷锟斤拷锟节碉拷前锟斤拷锟斤拷页(936)锟叫憋拷示锟斤拷锟街凤拷锟斤拷锟诫将锟斤拷锟侥硷拷锟斤拷锟斤拷为 Unicode 锟斤拷式锟皆凤拷止锟斤拷锟捷讹拷失
     1>c:\program files\nvidia gpu computing toolkit\cuda\v9.0\include\crt\math_functions.h(7104): warning C4819: 锟斤拷锟侥硷拷锟斤拷锟斤拷锟斤拷锟斤拷锟节碉拷前锟斤拷锟斤拷页(936)锟叫憋拷示锟斤拷锟街凤拷锟斤拷锟诫将锟斤拷锟侥硷拷锟斤拷锟斤拷为 Unicode 锟斤拷式锟皆凤拷止锟斤拷锟捷讹拷失
     1>c:\program files\nvidia gpu computing toolkit\cuda\v9.0\include\crt\math_functions.h(7914): warning C4819: 锟斤拷锟侥硷拷锟斤拷锟斤拷锟斤拷锟斤拷锟节碉拷前锟斤拷锟斤拷页(936)锟叫憋拷示锟斤拷锟街凤拷锟斤拷锟诫将锟斤拷锟侥硷拷锟斤拷锟斤拷为 Unicode 锟斤拷式锟皆凤拷止锟斤拷锟捷讹拷失
     1>c:\program files\nvidia gpu computing toolkit\cuda\v9.0\include\crt/device_functions.h : warning C4819: 锟斤拷锟侥硷拷锟斤拷锟斤拷锟斤拷锟斤拷锟节碉拷前锟斤拷锟斤拷页(936)锟叫憋拷示锟斤拷锟街凤拷锟斤拷锟诫将锟斤拷锟侥硷拷锟斤拷锟斤拷为 Unicode 锟斤拷式锟皆凤拷止锟斤拷锟捷讹拷失
     1>c:\program files\nvidia gpu computing toolkit\cuda\v9.0\include\crt/device_functions.h(776): warning C4819: 锟斤拷锟侥硷拷锟斤拷锟斤拷锟斤拷锟斤拷锟节碉拷前锟斤拷锟斤拷页(936)锟叫憋拷示锟斤拷锟街凤拷锟斤拷锟诫将锟斤拷锟侥硷拷锟斤拷锟斤拷为 Unicode 锟斤拷式锟皆凤拷止锟斤拷锟捷讹拷失
     1>c:\program files\nvidia gpu computing toolkit\cuda\v9.0\include\crt/device_functions.h(1636): warning C4819: 锟斤拷锟侥硷拷锟斤拷锟斤拷锟斤拷锟斤拷锟节碉拷前锟斤拷锟斤拷页(936)锟叫憋拷示锟斤拷锟街凤拷锟斤拷锟诫将锟斤拷锟侥硷拷锟斤拷锟斤拷为 Unicode 锟斤拷式锟皆凤拷止锟斤拷锟捷讹拷失
     1>c:\program files\nvidia gpu computing toolkit\cuda\v9.0\include\crt\device_double_functions.h : warning C4819: 锟斤拷锟侥硷拷锟斤拷锟斤拷锟斤拷锟斤拷锟节碉拷前锟斤拷锟斤拷页(936)锟叫憋拷示锟斤拷锟街凤拷锟斤拷锟诫将锟斤拷锟侥硷拷锟斤拷锟斤拷为 Unicode 锟斤拷式锟皆凤拷止锟斤拷锟捷讹拷失
     1>c:\program files\nvidia gpu computing toolkit\cuda\v9.0\include\sm_20_intrinsics.h : warning C4819: 锟斤拷锟侥硷拷锟斤拷锟斤拷锟斤拷锟斤拷锟节碉拷前锟斤拷锟斤拷页(936)锟叫憋拷示锟斤拷锟街凤拷锟斤拷锟诫将锟斤拷锟侥硷拷锟斤拷锟斤拷为 Unicode 锟斤拷式锟皆凤拷止锟斤拷锟捷讹拷失
     1>c:\program files\nvidia gpu computing toolkit\cuda\v9.0\include\sm_20_intrinsics.h(925): warning C4819: 锟斤拷锟侥硷拷锟斤拷锟斤拷锟斤拷锟斤拷锟节碉拷前锟斤拷锟斤拷页(936)锟叫憋拷示锟斤拷锟街凤拷锟斤拷锟诫将锟斤拷锟侥硷拷锟斤拷锟斤拷为 Unicode 锟斤拷式锟皆凤拷止锟斤拷锟捷讹拷失
     1>CUSTOMBUILD : nvcc warning : The -std=c++11 flag is not supported with the configured host compiler. Flag will be ignored.
     1>c:\program files\nvidia gpu computing toolkit\cuda\v9.0\include\crt\math_functions.h : warning C4819: 锟斤拷锟侥硷拷锟斤拷锟斤拷锟斤拷锟斤拷锟节碉拷前锟斤拷锟斤拷页(936)锟叫憋拷示锟斤拷锟街凤拷锟斤拷锟诫将锟斤拷锟侥硷拷锟斤拷锟斤拷为 Unicode 锟斤拷式锟皆凤拷止锟斤拷锟捷讹拷失
     1>c:\program files\nvidia gpu computing toolkit\cuda\v9.0\include\crt\math_functions.h(838): warning C4819: 锟斤拷锟侥硷拷锟斤拷锟斤拷锟斤拷锟斤拷锟节碉拷前锟斤拷锟斤拷页(936)锟叫憋拷示锟斤拷锟街凤拷锟斤拷锟诫将锟斤拷锟侥硷拷锟斤拷锟斤拷为 Unicode 锟斤拷式锟皆凤拷止锟斤拷锟捷讹拷失
     1>c:\program files\nvidia gpu computing toolkit\cuda\v9.0\include\crt\math_functions.h(1772): warning C4819: 锟斤拷锟侥硷拷锟斤拷锟斤拷锟斤拷锟斤拷锟节碉拷前锟斤拷锟斤拷页(936)锟叫憋拷示锟斤拷锟街凤拷锟斤拷锟诫将锟斤拷锟侥硷拷锟斤拷锟斤拷为 Unicode 锟斤拷式锟皆凤拷止锟斤拷锟捷讹拷失
     1>c:\program files\nvidia gpu computing toolkit\cuda\v9.0\include\crt\math_functions.h(2628): warning C4819: 锟斤拷锟侥硷拷锟斤拷锟斤拷锟斤拷锟斤拷锟节碉拷前锟斤拷锟斤拷页(936)锟叫憋拷示锟斤拷锟街凤拷锟斤拷锟诫将锟斤拷锟侥硷拷锟斤拷锟斤拷为 Unicode 锟斤拷式锟皆凤拷止锟斤拷锟捷讹拷失
     1>c:\program files\nvidia gpu computing toolkit\cuda\v9.0\include\crt\math_functions.h(3477): warning C4819: 锟斤拷锟侥硷拷锟斤拷锟斤拷锟斤拷锟斤拷锟节碉拷前锟斤拷锟斤拷页(936)锟叫憋拷示锟斤拷锟街凤拷锟斤拷锟诫将锟斤拷锟侥硷拷锟斤拷锟斤拷为 Unicode 锟斤拷式锟皆凤拷止锟斤拷锟捷讹拷失
     1>c:\program files\nvidia gpu computing toolkit\cuda\v9.0\include\crt\math_functions.h(4417): warning C4819: 锟斤拷锟侥硷拷锟斤拷锟斤拷锟斤拷锟斤拷锟节碉拷前锟斤拷锟斤拷页(936)锟叫憋拷示锟斤拷锟街凤拷锟斤拷锟诫将锟斤拷锟侥硷拷锟斤拷锟斤拷为 Unicode 锟斤拷式锟皆凤拷止锟斤拷锟捷讹拷失
     1>c:\program files\nvidia gpu computing toolkit\cuda\v9.0\include\crt\math_functions.h(5319): warning C4819: 锟斤拷锟侥硷拷锟斤拷锟斤拷锟斤拷锟斤拷锟节碉拷前锟斤拷锟斤拷页(936)锟叫憋拷示锟斤拷锟街凤拷锟斤拷锟诫将锟斤拷锟侥硷拷锟斤拷锟斤拷为 Unicode 锟斤拷式锟皆凤拷止锟斤拷锟捷讹拷失
     1>c:\program files\nvidia gpu computing toolkit\cuda\v9.0\include\crt\math_functions.h(6229): warning C4819: 锟斤拷锟侥硷拷锟斤拷锟斤拷锟斤拷锟斤拷锟节碉拷前锟斤拷锟斤拷页(936)锟叫憋拷示锟斤拷锟街凤拷锟斤拷锟诫将锟斤拷锟侥硷拷锟斤拷锟斤拷为 Unicode 锟斤拷式锟皆凤拷止锟斤拷锟捷讹拷失
     1>c:\program files\nvidia gpu computing toolkit\cuda\v9.0\include\crt\math_functions.h(7104): warning C4819: 锟斤拷锟侥硷拷锟斤拷锟斤拷锟斤拷锟斤拷锟节碉拷前锟斤拷锟斤拷页(936)锟叫憋拷示锟斤拷锟街凤拷锟斤拷锟诫将锟斤拷锟侥硷拷锟斤拷锟斤拷为 Unicode 锟斤拷式锟皆凤拷止锟斤拷锟捷讹拷失
     1>c:\program files\nvidia gpu computing toolkit\cuda\v9.0\include\crt\math_functions.h(7914): warning C4819: 锟斤拷锟侥硷拷锟斤拷锟斤拷锟斤拷锟斤拷锟节碉拷前锟斤拷锟斤拷页(936)锟叫憋拷示锟斤拷锟街凤拷锟斤拷锟诫将锟斤拷锟侥硷拷锟斤拷锟斤拷为 Unicode 锟斤拷式锟皆凤拷止锟斤拷锟捷讹拷失
     1>c:\program files\nvidia gpu computing toolkit\cuda\v9.0\include\crt/device_functions.h : warning C4819: 锟斤拷锟侥硷拷锟斤拷锟斤拷锟斤拷锟斤拷锟节碉拷前锟斤拷锟斤拷页(936)锟叫憋拷示锟斤拷锟街凤拷锟斤拷锟诫将锟斤拷锟侥硷拷锟斤拷锟斤拷为 Unicode 锟斤拷式锟皆凤拷止锟斤拷锟捷讹拷失
     1>c:\program files\nvidia gpu computing toolkit\cuda\v9.0\include\crt/device_functions.h(776): warning C4819: 锟斤拷锟侥硷拷锟斤拷锟斤拷锟斤拷锟斤拷锟节碉拷前锟斤拷锟斤拷页(936)锟叫憋拷示锟斤拷锟街凤拷锟斤拷锟诫将锟斤拷锟侥硷拷锟斤拷锟斤拷为 Unicode 锟斤拷式锟皆凤拷止锟斤拷锟捷讹拷失
     1>c:\program files\nvidia gpu computing toolkit\cuda\v9.0\include\crt/device_functions.h(1636): warning C4819: 锟斤拷锟侥硷拷锟斤拷锟斤拷锟斤拷锟斤拷锟节碉拷前锟斤拷锟斤拷页(936)锟叫憋拷示锟斤拷锟街凤拷锟斤拷锟诫将锟斤拷锟侥硷拷锟斤拷锟斤拷为 Unicode 锟斤拷式锟皆凤拷止锟斤拷锟捷讹拷失
     1>c:\program files\nvidia gpu computing toolkit\cuda\v9.0\include\crt\device_double_functions.h : warning C4819: 锟斤拷锟侥硷拷锟斤拷锟斤拷锟斤拷锟斤拷锟节碉拷前锟斤拷锟斤拷页(936)锟叫憋拷示锟斤拷锟街凤拷锟斤拷锟诫将锟斤拷锟侥硷拷锟斤拷锟斤拷为 Unicode 锟斤拷式锟皆凤拷止锟斤拷锟捷讹拷失
     1>c:\program files\nvidia gpu computing toolkit\cuda\v9.0\include\sm_20_intrinsics.h : warning C4819: 锟斤拷锟侥硷拷锟斤拷锟斤拷锟斤拷锟斤拷锟节碉拷前锟斤拷锟斤拷页(936)锟叫憋拷示锟斤拷锟街凤拷锟斤拷锟诫将锟斤拷锟侥硷拷锟斤拷锟斤拷为 Unicode 锟斤拷式锟皆凤拷止锟斤拷锟捷讹拷失
     1>c:\program files\nvidia gpu computing toolkit\cuda\v9.0\include\sm_20_intrinsics.h(925): warning C4819: 锟斤拷锟侥硷拷锟斤拷锟斤拷锟斤拷锟斤拷锟节碉拷前锟斤拷锟斤拷页(936)锟叫憋拷示锟斤拷锟街凤拷锟斤拷锟诫将锟斤拷锟侥硷拷锟斤拷锟斤拷为 Unicode 锟斤拷式锟皆凤拷止锟斤拷锟捷讹拷失
     1>c:\program files\nvidia gpu computing toolkit\cuda\v9.0\include\crt\math_functions.h : warning C4819: 锟斤拷锟侥硷拷锟斤拷锟斤拷锟斤拷锟斤拷锟节碉拷前锟斤拷锟斤拷页(936)锟叫憋拷示锟斤拷锟街凤拷锟斤拷锟诫将锟斤拷锟侥硷拷锟斤拷锟斤拷为 Unicode 锟斤拷式锟皆凤拷止锟斤拷锟捷讹拷失
     1>c:\program files\nvidia gpu computing toolkit\cuda\v9.0\include\crt\math_functions.h(838): warning C4819: 锟斤拷锟侥硷拷锟斤拷锟斤拷锟斤拷锟斤拷锟节碉拷前锟斤拷锟斤拷页(936)锟叫憋拷示锟斤拷锟街凤拷锟斤拷锟诫将锟斤拷锟侥硷拷锟斤拷锟斤拷为 Unicode 锟斤拷式锟皆凤拷止锟斤拷锟捷讹拷失
     1>c:\program files\nvidia gpu computing toolkit\cuda\v9.0\include\crt\math_functions.h(1772): warning C4819: 锟斤拷锟侥硷拷锟斤拷锟斤拷锟斤拷锟斤拷锟节碉拷前锟斤拷锟斤拷页(936)锟叫憋拷示锟斤拷锟街凤拷锟斤拷锟诫将锟斤拷锟侥硷拷锟斤拷锟斤拷为 Unicode 锟斤拷式锟皆凤拷止锟斤拷锟捷讹拷失
     1>c:\program files\nvidia gpu computing toolkit\cuda\v9.0\include\crt\math_functions.h(2628): warning C4819: 锟斤拷锟侥硷拷锟斤拷锟斤拷锟斤拷锟斤拷锟节碉拷前锟斤拷锟斤拷页(936)锟叫憋拷示锟斤拷锟街凤拷锟斤拷锟诫将锟斤拷锟侥硷拷锟斤拷锟斤拷为 Unicode 锟斤拷式锟皆凤拷止锟斤拷锟捷讹拷失
     1>c:\program files\nvidia gpu computing toolkit\cuda\v9.0\include\crt\math_functions.h(3477): warning C4819: 锟斤拷锟侥硷拷锟斤拷锟斤拷锟斤拷锟斤拷锟节碉拷前锟斤拷锟斤拷页(936)锟叫憋拷示锟斤拷锟街凤拷锟斤拷锟诫将锟斤拷锟侥硷拷锟斤拷锟斤拷为 Unicode 锟斤拷式锟皆凤拷止锟斤拷锟捷讹拷失
     1>c:\program files\nvidia gpu computing toolkit\cuda\v9.0\include\crt\math_functions.h(4417): warning C4819: 锟斤拷锟侥硷拷锟斤拷锟斤拷锟斤拷锟斤拷锟节碉拷前锟斤拷锟斤拷页(936)锟叫憋拷示锟斤拷锟街凤拷锟斤拷锟诫将锟斤拷锟侥硷拷锟斤拷锟斤拷为 Unicode 锟斤拷式锟皆凤拷止锟斤拷锟捷讹拷失
     1>c:\program files\nvidia gpu computing toolkit\cuda\v9.0\include\crt\math_functions.h(5319): warning C4819: 锟斤拷锟侥硷拷锟斤拷锟斤拷锟斤拷锟斤拷锟节碉拷前锟斤拷锟斤拷页(936)锟叫憋拷示锟斤拷锟街凤拷锟斤拷锟诫将锟斤拷锟侥硷拷锟斤拷锟斤拷为 Unicode 锟斤拷式锟皆凤拷止锟斤拷锟捷讹拷失
     1>c:\program files\nvidia gpu computing toolkit\cuda\v9.0\include\crt\math_functions.h(6229): warning C4819: 锟斤拷锟侥硷拷锟斤拷锟斤拷锟斤拷锟斤拷锟节碉拷前锟斤拷锟斤拷页(936)锟叫憋拷示锟斤拷锟街凤拷锟斤拷锟诫将锟斤拷锟侥硷拷锟斤拷锟斤拷为 Unicode 锟斤拷式锟皆凤拷止锟斤拷锟捷讹拷失
     1>c:\program files\nvidia gpu computing toolkit\cuda\v9.0\include\crt\math_functions.h(7104): warning C4819: 锟斤拷锟侥硷拷锟斤拷锟斤拷锟斤拷锟斤拷锟节碉拷前锟斤拷锟斤拷页(936)锟叫憋拷示锟斤拷锟街凤拷锟斤拷锟诫将锟斤拷锟侥硷拷锟斤拷锟斤拷为 Unicode 锟斤拷式锟皆凤拷止锟斤拷锟捷讹拷失
     1>c:\program files\nvidia gpu computing toolkit\cuda\v9.0\include\crt\math_functions.h(7914): warning C4819: 锟斤拷锟侥硷拷锟斤拷锟斤拷锟斤拷锟斤拷锟节碉拷前锟斤拷锟斤拷页(936)锟叫憋拷示锟斤拷锟街凤拷锟斤拷锟诫将锟斤拷锟侥硷拷锟斤拷锟斤拷为 Unicode 锟斤拷式锟皆凤拷止锟斤拷锟捷讹拷失
     1>c:\program files\nvidia gpu computing toolkit\cuda\v9.0\include\crt/device_functions.h : warning C4819: 锟斤拷锟侥硷拷锟斤拷锟斤拷锟斤拷锟斤拷锟节碉拷前锟斤拷锟斤拷页(936)锟叫憋拷示锟斤拷锟街凤拷锟斤拷锟诫将锟斤拷锟侥硷拷锟斤拷锟斤拷为 Unicode 锟斤拷式锟皆凤拷止锟斤拷锟捷讹拷失
     1>c:\program files\nvidia gpu computing toolkit\cuda\v9.0\include\crt/device_functions.h(776): warning C4819: 锟斤拷锟侥硷拷锟斤拷锟斤拷锟斤拷锟斤拷锟节碉拷前锟斤拷锟斤拷页(936)锟叫憋拷示锟斤拷锟街凤拷锟斤拷锟诫将锟斤拷锟侥硷拷锟斤拷锟斤拷为 Unicode 锟斤拷式锟皆凤拷止锟斤拷锟捷讹拷失
     1>c:\program files\nvidia gpu computing toolkit\cuda\v9.0\include\crt/device_functions.h(1636): warning C4819: 锟斤拷锟侥硷拷锟斤拷锟斤拷锟斤拷锟斤拷锟节碉拷前锟斤拷锟斤拷页(936)锟叫憋拷示锟斤拷锟街凤拷锟斤拷锟诫将锟斤拷锟侥硷拷锟斤拷锟斤拷为 Unicode 锟斤拷式锟皆凤拷止锟斤拷锟捷讹拷失
     1>c:\program files\nvidia gpu computing toolkit\cuda\v9.0\include\crt\device_double_functions.h : warning C4819: 锟斤拷锟侥硷拷锟斤拷锟斤拷锟斤拷锟斤拷锟节碉拷前锟斤拷锟斤拷页(936)锟叫憋拷示锟斤拷锟街凤拷锟斤拷锟诫将锟斤拷锟侥硷拷锟斤拷锟斤拷为 Unicode 锟斤拷式锟皆凤拷止锟斤拷锟捷讹拷失
     1>c:\program files\nvidia gpu computing toolkit\cuda\v9.0\include\sm_20_intrinsics.h : warning C4819: 锟斤拷锟侥硷拷锟斤拷锟斤拷锟斤拷锟斤拷锟节碉拷前锟斤拷锟斤拷页(936)锟叫憋拷示锟斤拷锟街凤拷锟斤拷锟诫将锟斤拷锟侥硷拷锟斤拷锟斤拷为 Unicode 锟斤拷式锟皆凤拷止锟斤拷锟捷讹拷失
     1>c:\program files\nvidia gpu computing toolkit\cuda\v9.0\include\sm_20_intrinsics.h(925): warning C4819: 锟斤拷锟侥硷拷锟斤拷锟斤拷锟斤拷锟斤拷锟节碉拷前锟斤拷锟斤拷页(936)锟叫憋拷示锟斤拷锟街凤拷锟斤拷锟诫将锟斤拷锟侥硷拷锟斤拷锟斤拷为 Unicode 锟斤拷式锟皆凤拷止锟斤拷锟捷讹拷失
     1>CUSTOMBUILD : nvcc warning : The -std=c++11 flag is not supported with the configured host compiler. Flag will be ignored.
         gpu_op.cu
     1>D:/code/LearningMap/3ds/ai_sys/CSE599W/code/assignment2-2017/src/gpu_op.cu(73): warning C4244: 锟斤拷*=锟斤拷: 锟接★拷int64_t锟斤拷转锟斤拷锟斤拷锟斤拷int锟斤拷锟斤拷锟斤拷锟杰讹拷失锟斤拷锟斤拷
     1>D:/code/LearningMap/3ds/ai_sys/CSE599W/code/assignment2-2017/src/gpu_op.cu(149): warning C4244: 锟斤拷锟斤拷始锟斤拷锟斤拷: 锟接★拷int64_t锟斤拷转锟斤拷锟斤拷锟斤拷int锟斤拷锟斤拷锟斤拷锟杰讹拷失锟斤拷锟斤拷
     1>D:/code/LearningMap/3ds/ai_sys/CSE599W/code/assignment2-2017/src/gpu_op.cu(154): warning C4244: 锟斤拷锟斤拷始锟斤拷锟斤拷: 锟接★拷int64_t锟斤拷转锟斤拷锟斤拷锟斤拷int锟斤拷锟斤拷锟斤拷锟杰讹拷失锟斤拷锟斤拷
     1>c:\program files\nvidia gpu computing toolkit\cuda\v9.0\include\crt\math_functions.h : warning C4819: 锟斤拷锟侥硷拷锟斤拷锟斤拷锟斤拷锟斤拷锟节碉拷前锟斤拷锟斤拷页(936)锟叫憋拷示锟斤拷锟街凤拷锟斤拷锟诫将锟斤拷锟侥硷拷锟斤拷锟斤拷为 Unicode 锟斤拷式锟皆凤拷止锟斤拷锟捷讹拷失
     1>c:\program files\nvidia gpu computing toolkit\cuda\v9.0\include\crt\math_functions.h(838): warning C4819: 锟斤拷锟侥硷拷锟斤拷锟斤拷锟斤拷锟斤拷锟节碉拷前锟斤拷锟斤拷页(936)锟叫憋拷示锟斤拷锟街凤拷锟斤拷锟诫将锟斤拷锟侥硷拷锟斤拷锟斤拷为 Unicode 锟斤拷式锟皆凤拷止锟斤拷锟捷讹拷失
     1>c:\program files\nvidia gpu computing toolkit\cuda\v9.0\include\crt\math_functions.h(1772): warning C4819: 锟斤拷锟侥硷拷锟斤拷锟斤拷锟斤拷锟斤拷锟节碉拷前锟斤拷锟斤拷页(936)锟叫憋拷示锟斤拷锟街凤拷锟斤拷锟诫将锟斤拷锟侥硷拷锟斤拷锟斤拷为 Unicode 锟斤拷式锟皆凤拷止锟斤拷锟捷讹拷失
     1>c:\program files\nvidia gpu computing toolkit\cuda\v9.0\include\crt\math_functions.h(2628): warning C4819: 锟斤拷锟侥硷拷锟斤拷锟斤拷锟斤拷锟斤拷锟节碉拷前锟斤拷锟斤拷页(936)锟叫憋拷示锟斤拷锟街凤拷锟斤拷锟诫将锟斤拷锟侥硷拷锟斤拷锟斤拷为 Unicode 锟斤拷式锟皆凤拷止锟斤拷锟捷讹拷失
     1>c:\program files\nvidia gpu computing toolkit\cuda\v9.0\include\crt\math_functions.h(3477): warning C4819: 锟斤拷锟侥硷拷锟斤拷锟斤拷锟斤拷锟斤拷锟节碉拷前锟斤拷锟斤拷页(936)锟叫憋拷示锟斤拷锟街凤拷锟斤拷锟诫将锟斤拷锟侥硷拷锟斤拷锟斤拷为 Unicode 锟斤拷式锟皆凤拷止锟斤拷锟捷讹拷失
     1>c:\program files\nvidia gpu computing toolkit\cuda\v9.0\include\crt\math_functions.h(4417): warning C4819: 锟斤拷锟侥硷拷锟斤拷锟斤拷锟斤拷锟斤拷锟节碉拷前锟斤拷锟斤拷页(936)锟叫憋拷示锟斤拷锟街凤拷锟斤拷锟诫将锟斤拷锟侥硷拷锟斤拷锟斤拷为 Unicode 锟斤拷式锟皆凤拷止锟斤拷锟捷讹拷失
     1>c:\program files\nvidia gpu computing toolkit\cuda\v9.0\include\crt\math_functions.h(5319): warning C4819: 锟斤拷锟侥硷拷锟斤拷锟斤拷锟斤拷锟斤拷锟节碉拷前锟斤拷锟斤拷页(936)锟叫憋拷示锟斤拷锟街凤拷锟斤拷锟诫将锟斤拷锟侥硷拷锟斤拷锟斤拷为 Unicode 锟斤拷式锟皆凤拷止锟斤拷锟捷讹拷失
     1>c:\program files\nvidia gpu computing toolkit\cuda\v9.0\include\crt\math_functions.h(6229): warning C4819: 锟斤拷锟侥硷拷锟斤拷锟斤拷锟斤拷锟斤拷锟节碉拷前锟斤拷锟斤拷页(936)锟叫憋拷示锟斤拷锟街凤拷锟斤拷锟诫将锟斤拷锟侥硷拷锟斤拷锟斤拷为 Unicode 锟斤拷式锟皆凤拷止锟斤拷锟捷讹拷失
     1>c:\program files\nvidia gpu computing toolkit\cuda\v9.0\include\crt\math_functions.h(7104): warning C4819: 锟斤拷锟侥硷拷锟斤拷锟斤拷锟斤拷锟斤拷锟节碉拷前锟斤拷锟斤拷页(936)锟叫憋拷示锟斤拷锟街凤拷锟斤拷锟诫将锟斤拷锟侥硷拷锟斤拷锟斤拷为 Unicode 锟斤拷式锟皆凤拷止锟斤拷锟捷讹拷失
     1>c:\program files\nvidia gpu computing toolkit\cuda\v9.0\include\crt\math_functions.h(7914): warning C4819: 锟斤拷锟侥硷拷锟斤拷锟斤拷锟斤拷锟斤拷锟节碉拷前锟斤拷锟斤拷页(936)锟叫憋拷示锟斤拷锟街凤拷锟斤拷锟诫将锟斤拷锟侥硷拷锟斤拷锟斤拷为 Unicode 锟斤拷式锟皆凤拷止锟斤拷锟捷讹拷失
       ClCompile:
         C:\Program Files (x86)\Microsoft Visual Studio 14.0\VC\bin\x86_amd64\CL.exe /c /I"D:\code\LearningMap\3ds\ai_sys\CSE599W\code\assignment2-2017\src" /I"C:\Program Files\NVIDIA GPU Computing Toolkit\CUDA\v9.0\include" /Zi /nologo /W3 /WX- /Od /Ob0 /D WIN32 /D _WINDOWS /D "CMAKE_INTDIR=\"Debug\"" /D c_runtime_api_EXPORTS /D _WINDLL /D _MBCS /Gm- /EHsc /RTC1 /MDd /GS /fp:precise /Zc:wchar_t /Zc:forScope /Zc:inline /GR /Fo"c_runtime_api.dir\Debug\\" /Fd"c_runtime_api.dir\Debug\vc140.pdb" /Gd /TP /errorReport:prompt "D:\code\LearningMap\3ds\ai_sys\CSE599W\code\assignment2-2017\src\cpu_device_api.cc"
         cpu_device_api.cc
     1>D:\code\LearningMap\3ds\ai_sys\CSE599W\code\assignment2-2017\src\cpu_device_api.cc(17): error C3861: “posix_memalign”: 找不到标识符
     1>已完成生成项目“D:\code\LearningMap\3ds\ai_sys\CSE599W\code\assignment2-2017\build\c_runtime_api.vcxproj”(Build 个目标)的操作 - 失败。

生成失败。

已用时间 00:00:11.52
